{
  "stats": {
    "suites": 1,
    "tests": 5,
    "passes": 5,
    "pending": 0,
    "failures": 0,
    "start": "2023-03-20T16:09:53.453Z",
    "end": "2023-03-20T16:10:08.163Z",
    "duration": 14710,
    "testsRegistered": 5,
    "passPercent": 100,
    "pendingPercent": 0,
    "other": 0,
    "hasOther": false,
    "skipped": 0,
    "hasSkipped": false
  },
  "results": [
    {
      "uuid": "8c0314aa-dd4a-490e-ad45-52aea236ffc4",
      "title": "",
      "fullFile": "C:\\Users\\USER\\Desktop\\Test_Script_for_WM_Service_Marjetplace\\TestSuite4\\testscript1.js",
      "file": "\\TestSuite4\\testscript1.js",
      "beforeHooks": [],
      "afterHooks": [],
      "tests": [],
      "suites": [
        {
          "uuid": "a4e9d76d-329e-4abb-bc0e-0fa11e683a1d",
          "title": "Verify that you can visit the Book a Service Page,\nthat there is at least one service displaying on the page\nand you can use the fliter features",
          "fullFile": "C:\\Users\\USER\\Desktop\\Test_Script_for_WM_Service_Marjetplace\\TestSuite4\\testscript1.js",
          "file": "\\TestSuite4\\testscript1.js",
          "beforeHooks": [],
          "afterHooks": [],
          "tests": [
            {
              "title": "Verifying fliter for flitering from A - Z",
              "fullTitle": "Verify that you can visit the Book a Service Page,\nthat there is at least one service displaying on the page\nand you can use the fliter features Verifying fliter for flitering from A - Z",
              "timedOut": null,
              "duration": 13866,
              "state": "passed",
              "speed": "slow",
              "pass": true,
              "fail": false,
              "pending": false,
              "context": null,
              "code": "let driver = await new Builder().forBrowser(\"chrome\").build();\nawait driver.manage().window().maximize();\n//Sign in\nawait driver.get(\"https://wmservicemp.thewealthmarket.com/#/authentication/signin\");\nawait driver.findElement(By.xpath(\"/html/body/app-root/div[1]/app-authentication/app-signin/div/div/div/div/form/div[1]/div/div[1]/div/input\")).sendKeys(\"admin@thewealthmarket.com\");\nawait driver.findElement(By.xpath(\"/html/body/app-root/div[1]/app-authentication/app-signin/div/div/div/div/form/div[1]/div/div[2]/div/input\")).sendKeys(\"admin\");\nawait driver.findElement(By.xpath(\"/html/body/app-root/div[1]/app-authentication/app-signin/div/div/div/div/form/div[2]/button\")).click();\n// Wait for the home page to load\nawait driver.wait(until.urlIs('https://wmservicemp.thewealthmarket.com/#/index'), 5000);\nconst bookAService = await driver.findElement(By.xpath('/html/body/app-root/div[1]/div/app-header/header/nav/div[2]/ul/li[3]/a'));\nawait bookAService.click();\nlet filterTerm = \"Name (A-Z)\";\nawait driver.findElement(By.xpath(\"/html/body/app-root/div[1]/app-listings/div[2]/div/div/div[1]/div/div/form/div/div[2]/ng-select2/span/span[1]/span/span[1]\")).click();\nawait driver.manage().setTimeouts({ implicit: 5000 });\nawait driver.findElement(By.xpath(\"/html/body/span/span/span[1]/input\")).sendKeys(filterTerm, Key.RETURN);\nawait driver.manage().setTimeouts({ implicit: 5000 });\nawait driver.findElement(By.xpath(\"/html/body/app-root/div[1]/app-listings/div[2]/div/div/div[1]/div/div/form/button\")).click();\nawait driver.manage().setTimeouts({ implicit: 5000 });\n//Get resut items\nlet firstResult = await driver.findElement(By.xpath(\"/html/body/app-root/div[1]/app-listings/div[2]/div/div/div[2]/div[2]/div/div[1]/div/div[1]/div/div[2]/a\")).getText();\nlet secondResult = await driver.findElement(By.xpath(\"/html/body/app-root/div[1]/app-listings/div[2]/div/div/div[2]/div[2]/div/div[2]/div/div[1]/div/div[2]/a\")).getText();\nlet thirdResult = await driver.findElement(By.xpath(\"/html/body/app-root/div[1]/app-listings/div[2]/div/div/div[2]/div[2]/div/div[3]/div/div[1]/div/div[2]\")).getText();\nconsole.log(firstResult, secondResult, thirdResult);\n//Get the first letters of each search resutl items (first 3 results)\nconst firstLetter_firstReult = firstResult.charAt(0);\nconst firstLetter_secondResult = secondResult.charAt(0);\nconst firstLetter_thirdResult = thirdResult.charAt(0);\nconsole.log(firstLetter_firstReult, firstLetter_secondResult, firstLetter_thirdResult, \"nothing to see\");\n//Compare the first letters\nassert(firstLetter_firstReult <= firstLetter_secondResult, 'The first letter of first item does not come before the first letter of second item')\nassert(firstLetter_secondResult <= firstLetter_thirdResult, 'The first letter of Z does not come before the first letter of A');",
              "err": {},
              "uuid": "5a5dc8b9-a644-44a5-bc7b-419817e04c5a",
              "parentUUID": null,
              "isHook": false,
              "skipped": false
            },
            {
              "title": "Verifying fliter for flitering by newest",
              "fullTitle": "Verify that you can visit the Book a Service Page,\nthat there is at least one service displaying on the page\nand you can use the fliter features Verifying fliter for flitering by newest",
              "timedOut": null,
              "duration": 0,
              "state": "passed",
              "speed": "fast",
              "pass": true,
              "fail": false,
              "pending": false,
              "context": null,
              "code": "",
              "err": {},
              "uuid": "902045d5-c4e6-442e-8a29-85bc436c07bf",
              "parentUUID": null,
              "isHook": false,
              "skipped": false
            },
            {
              "title": "Verifying fliter for flitering by Sale(Best sellers)",
              "fullTitle": "Verify that you can visit the Book a Service Page,\nthat there is at least one service displaying on the page\nand you can use the fliter features Verifying fliter for flitering by Sale(Best sellers)",
              "timedOut": null,
              "duration": 0,
              "state": "passed",
              "speed": "fast",
              "pass": true,
              "fail": false,
              "pending": false,
              "context": null,
              "code": "",
              "err": {},
              "uuid": "e16e1313-d158-43f4-871e-1d20036a98f1",
              "parentUUID": null,
              "isHook": false,
              "skipped": false
            },
            {
              "title": "Verifying fliter for flitering by service rating (Highest rated)",
              "fullTitle": "Verify that you can visit the Book a Service Page,\nthat there is at least one service displaying on the page\nand you can use the fliter features Verifying fliter for flitering by service rating (Highest rated)",
              "timedOut": null,
              "duration": 1,
              "state": "passed",
              "speed": "fast",
              "pass": true,
              "fail": false,
              "pending": false,
              "context": null,
              "code": "",
              "err": {},
              "uuid": "66517ae3-6008-4934-8398-63f3d3e7b798",
              "parentUUID": null,
              "isHook": false,
              "skipped": false
            },
            {
              "title": "Verifying fliter for flitering by service provider rating (Highest rated)",
              "fullTitle": "Verify that you can visit the Book a Service Page,\nthat there is at least one service displaying on the page\nand you can use the fliter features Verifying fliter for flitering by service provider rating (Highest rated)",
              "timedOut": null,
              "duration": 0,
              "state": "passed",
              "speed": "fast",
              "pass": true,
              "fail": false,
              "pending": false,
              "context": null,
              "code": "",
              "err": {},
              "uuid": "1dfc0e31-ad1f-49d7-b954-059cdbbb4360",
              "parentUUID": null,
              "isHook": false,
              "skipped": false
            }
          ],
          "suites": [],
          "passes": [
            "5a5dc8b9-a644-44a5-bc7b-419817e04c5a",
            "902045d5-c4e6-442e-8a29-85bc436c07bf",
            "e16e1313-d158-43f4-871e-1d20036a98f1",
            "66517ae3-6008-4934-8398-63f3d3e7b798",
            "1dfc0e31-ad1f-49d7-b954-059cdbbb4360"
          ],
          "failures": [],
          "pending": [],
          "skipped": [],
          "duration": 13867,
          "root": false,
          "rootEmpty": false,
          "_timeout": null
        }
      ],
      "passes": [],
      "failures": [],
      "pending": [],
      "skipped": [],
      "duration": 0,
      "root": true,
      "rootEmpty": true,
      "_timeout": 0
    }
  ],
  "meta": {
    "mocha": {
      "version": "10.2.0"
    },
    "mochawesome": {
      "options": {
        "quiet": false,
        "reportFilename": "mochawesome",
        "saveHtml": true,
        "saveJson": true,
        "consoleReporter": "spec",
        "useInlineDiffs": false,
        "code": true
      },
      "version": "7.1.3"
    },
    "marge": {
      "options": {
        "reportDir": "testReports",
        "": true
      },
      "version": "6.2.0"
    }
  }
}