{
  "stats": {
    "suites": 1,
    "tests": 1,
    "passes": 0,
    "pending": 0,
    "failures": 1,
    "start": "2023-03-23T10:29:36.993Z",
    "end": "2023-03-23T10:30:45.738Z",
    "duration": 68745,
    "testsRegistered": 1,
    "passPercent": 0,
    "pendingPercent": 0,
    "other": 0,
    "hasOther": false,
    "skipped": 0,
    "hasSkipped": false
  },
  "results": [
    {
      "uuid": "11ef5f9b-b73b-441a-85c5-7008fbbfd068",
      "title": "",
      "fullFile": "C:\\Users\\USER\\Desktop\\Test_Script_for_WM_Service_Marjetplace\\TestSuite4\\testscript2.js",
      "file": "\\TestSuite4\\testscript2.js",
      "beforeHooks": [],
      "afterHooks": [],
      "tests": [],
      "suites": [
        {
          "uuid": "1ecfb831-deb5-4716-be65-9c61daf8e2a0",
          "title": "Booking a Service",
          "fullFile": "C:\\Users\\USER\\Desktop\\Test_Script_for_WM_Service_Marjetplace\\TestSuite4\\testscript2.js",
          "file": "\\TestSuite4\\testscript2.js",
          "beforeHooks": [],
          "afterHooks": [],
          "tests": [
            {
              "title": "Book a service with add-on selected",
              "fullTitle": "Booking a Service Book a service with add-on selected",
              "timedOut": null,
              "duration": 67997,
              "state": "failed",
              "speed": null,
              "pass": false,
              "fail": true,
              "pending": false,
              "context": null,
              "code": "let driver = await new Builder().forBrowser(\"chrome\").build();\n        await driver.manage().window().maximize();\n        //Sign in\n        await driver.get(\"https://wmservicemp.thewealthmarket.com/#/authentication/signin\");\n        // await driver.findElement(By.xpath(\"/html/body/app-root/div[1]/div/app-header/header/nav/ul/li/a\")).click();\n        await driver.findElement(By.xpath(\"/html/body/app-root/div[1]/app-authentication/app-signin/div/div/div/div/form/div[1]/div/div[1]/div/input\")).sendKeys(\"admin@thewealthmarket.com\");\n        await driver.findElement(By.xpath(\"/html/body/app-root/div[1]/app-authentication/app-signin/div/div/div/div/form/div[1]/div/div[2]/div/input\")).sendKeys(\"admin\");\n        await driver.findElement(By.xpath(\"/html/body/app-root/div[1]/app-authentication/app-signin/div/div/div/div/form/div[2]/button\")).click();\n        // Wait for the home page to load\n        await driver.wait(until.urlIs('https://wmservicemp.thewealthmarket.com/#/index'), 5000);\n        const bookAService = await driver.findElement(By.xpath('/html/body/app-root/div[1]/div/app-header/header/nav/div[2]/ul/li[3]/a'));\n        await bookAService.click();\n        //Wait for 5 seconds for the page to load\n        await driver.manage().setTimeouts({ implicit: 5000 });\n        //Click on a service to see the detail and book it. I choose the 2th service on the page at random\n        await driver.findElement(By.xpath(\"/html/body/app-root/div[1]/app-listings/div[2]/div/div/div[2]/div[2]/div/div[2]/div/div[2]/h3/a\")).click();\n        //Wait for 5 seconds for the page to load\n        await driver.manage().setTimeouts({ implicit: 5000 });\n        //Add the first add-on on the add-on section\n        await driver.findElement(By.xpath(\"/html/body/app-root/div[1]/app-pages/app-service-details/div[1]/div/div/div[2]/div/section[2]/div/div/div/div/div[1]/div/div/label/input\")).click();\n        let servicePrice = await driver.findElement(By.xpath(\"/html/body/app-root/div[1]/app-pages/app-service-details/div[1]/div/div/div[2]/div/section[1]/div/div/span\")).getText();\n        //convert the service price from string to number\n        servicePrice = parseFloat(servicePrice.replace(/[^\\d.-]/g, ''));\n        console.log(servicePrice);\n        let addOnPrice = await driver.findElement(By.xpath(\"/html/body/app-root/div[1]/app-pages/app-service-details/div[1]/div/div/div[2]/div/section[2]/div/div/div/div/div[2]/ul/li\")).getText();\n        addOnPrice = parseFloat(addOnPrice.replace(/[^\\d.-]/g, ''));\n        console.log(addOnPrice);\n        let serviceTotalPrice = await driver.findElement(By.xpath(\"/html/body/app-root/div[1]/app-pages/app-service-details/div[1]/div/div/div[2]/div/section[3]/div/div/div[2]/div[2]/h5\")).getText();\n        //convert the service price from string to number\n        serviceTotalPrice = parseFloat(serviceTotalPrice.replace(/[^\\d.-]/g, ''));\n        console.log(serviceTotalPrice);\n        assert.ok(serviceTotalPrice == (servicePrice+addOnPrice), `${servicePrice+addOnPrice} This should be the total service Price with addon included`)\n        //Book Now\n        await driver.findElement(By.xpath(\"/html/body/app-root/div[1]/app-pages/app-service-details/div[1]/div/div/div[2]/div/section[3]/div/div/div[3]/a\")).click();\n        //Wait for 5 seconds for the page to load\n        await driver.manage().setTimeouts({ implicit: 5000 });\n        //Order confirmation page/module pop up\n        // WM user Id\n        let WMuserID = await driver.findElement(By.xpath(\"/html/body/app-root/div[1]/app-pages/app-service-details/div[2]/div/div/div[2]/div/form/div/div[2]/input\")).getText(); // This is empty\n        assert.notStrictEqual(WMuserID.trim(), '', 'The WM user Id field on the order confirmation page to not be empty');\n        //confirm the price on the confirmation page is the same as the total service price \n        let priceOnConfrimationPage = await driver.findElement(By.xpath(\"\")); //No price on the confirmation page yet\n        assert.ok(priceOnConfrimationPage >= serviceTotalPrice, 'No price on the confirmation page')\n        // priceOnConfrimationPage.should.equal(serviceTotalPrice);\n        //Order id \n        let orderID = await driver.findElement(By.xpath(\"\")); //No order Id on the confirmation page yet\n        assert.notStrictEqual(orderID.trim(), '', 'The order Id field should not be empty');\n        //Confrim order and proceed, we click yes.\n        let yes = await driver.findElement(By.xpath(\"/html/body/app-root/div[1]/app-pages/app-service-details/div[2]/div/div/div[3]/button[1]\")).click();\n        let no = await driver.findElement(By.xpath(\"/html/body/app-root/div[1]/app-pages/app-service-details/div[2]/div/div/div[3]/button[2]\"));",
              "err": {
                "message": "AssertionError: The WM user Id field on the order confirmation page to not be empty: expected '' to not equal ''",
                "estack": "AssertionError: The WM user Id field on the order confirmation page to not be empty: expected '' to not equal ''\n    at Context.<anonymous> (TestSuite4\\testscript2.js:120:16)\n    at processTicksAndRejections (internal/process/task_queues.js:95:5)",
                "diff": ""
              },
              "uuid": "53419fcd-0533-420d-8759-25c57f01e22f",
              "parentUUID": null,
              "isHook": false,
              "skipped": false
            }
          ],
          "suites": [],
          "passes": [],
          "failures": [
            "53419fcd-0533-420d-8759-25c57f01e22f"
          ],
          "pending": [],
          "skipped": [],
          "duration": 67997,
          "root": false,
          "rootEmpty": false,
          "_timeout": null
        }
      ],
      "passes": [],
      "failures": [],
      "pending": [],
      "skipped": [],
      "duration": 0,
      "root": true,
      "rootEmpty": true,
      "_timeout": 0
    }
  ],
  "meta": {
    "mocha": {
      "version": "10.2.0"
    },
    "mochawesome": {
      "options": {
        "quiet": false,
        "reportFilename": "mochawesome",
        "saveHtml": true,
        "saveJson": true,
        "consoleReporter": "spec",
        "useInlineDiffs": false,
        "code": true
      },
      "version": "7.1.3"
    },
    "marge": {
      "options": {
        "reportDir": "testReports",
        "": true
      },
      "version": "6.2.0"
    }
  }
}