{
  "stats": {
    "suites": 1,
    "tests": 1,
    "passes": 1,
    "pending": 0,
    "failures": 0,
    "start": "2023-03-28T11:27:33.688Z",
    "end": "2023-03-28T11:29:18.890Z",
    "duration": 105202,
    "testsRegistered": 1,
    "passPercent": 100,
    "pendingPercent": 0,
    "other": 0,
    "hasOther": false,
    "skipped": 0,
    "hasSkipped": false
  },
  "results": [
    {
      "uuid": "e3bfdef5-a429-4aa7-aee2-d29fb4cbaa43",
      "title": "",
      "fullFile": "C:\\Users\\corep\\Desktop\\Testing\\Test_Script_for_WM_Service_Marketplace\\TestSuite7\\testScript1.js",
      "file": "\\TestSuite7\\testScript1.js",
      "beforeHooks": [],
      "afterHooks": [],
      "tests": [],
      "suites": [
        {
          "uuid": "23cc3265-a6f8-480c-abef-eecaa2f0ca73",
          "title": "View Recent Activities",
          "fullFile": "C:\\Users\\corep\\Desktop\\Testing\\Test_Script_for_WM_Service_Marketplace\\TestSuite7\\testScript1.js",
          "file": "\\TestSuite7\\testScript1.js",
          "beforeHooks": [
            {
              "title": "\"before all\" hook in \"View Recent Activities\"",
              "fullTitle": "View Recent Activities \"before all\" hook in \"View Recent Activities\"",
              "timedOut": null,
              "duration": 985,
              "state": null,
              "speed": null,
              "pass": false,
              "fail": false,
              "pending": null,
              "context": null,
              "code": "driver = await new Builder().forBrowser('chrome').build();",
              "err": {},
              "uuid": "2f8d4caa-a9a4-4043-8df0-9792bcd04d0d",
              "parentUUID": null,
              "isHook": true,
              "skipped": false
            }
          ],
          "afterHooks": [
            {
              "title": "\"after all\" hook in \"View Recent Activities\"",
              "fullTitle": "View Recent Activities \"after all\" hook in \"View Recent Activities\"",
              "timedOut": null,
              "duration": 94,
              "state": null,
              "speed": null,
              "pass": false,
              "fail": false,
              "pending": null,
              "context": null,
              "code": "await driver.quit();",
              "err": {},
              "uuid": "2a24a801-da1f-454d-8725-31feab08f3a9",
              "parentUUID": null,
              "isHook": true,
              "skipped": false
            }
          ],
          "tests": [
            {
              "title": "should display recent activities",
              "fullTitle": "View Recent Activities should display recent activities",
              "timedOut": null,
              "duration": 103674,
              "state": "passed",
              "speed": "slow",
              "pass": true,
              "fail": false,
              "pending": false,
              "context": null,
              "code": "// Navigate to the login page\n await driver.get('https://wmservicemp.thewealthmarket.com/#/authentication/signin');\n // Fill in the sign in form\n await driver.findElement(By.xpath('/html/body/app-root/div[1]/app-authentication/app-signin/div/div/div/div/form/div[1]/div/div[1]/div/input')).sendKeys('Michaelajiri@gmail.com');\n await driver.findElement(By.xpath('/html/body/app-root/div[1]/app-authentication/app-signin/div/div/div/div/form/div[1]/div/div[2]/div/input')).sendKeys('demo', Key.RETURN);\n // Wait for the home page to load\n await driver.wait(until.urlIs('https://wmservicemp.thewealthmarket.com/#/index'), 5000);\n// Find the customer dropdown list element and click on it\n const dropdownList = await driver.findElement(By.xpath('/html/body/app-root/div[1]/div/app-header/header/nav/div[2]/ul/li[2]/a'));\n \n await dropdownList.click();\n // Find the dashboard button element and click on it\n \n const button = await driver.findElement(By.xpath('//*[@id=\"submenu\"]/li[1]/a'));\n await driver.executeScript('arguments[0].scrollIntoView()', button);\n await button.click();\n // Assert that the page has loaded the expected content after clicking on the button\n await driver.wait(until.urlIs('https://wmservicemp.thewealthmarket.com/#/customers/dashboard'), 5000);\n    const activitiesTable = await driver.findElement(By.className('table'), 5000);\n    assert.ok(await activitiesTable.isDisplayed(), 'Activities table not displayed');\n    const tableRows = await activitiesTable.findElements(By.css('tr'));\n    console.log(`Found ${tableRows.length} rows in activities table`);\n    console.log('Recent activities:');\n    for (let i = 1; i < tableRows.length; i++) { // skip first row (header)\n      const tableCells = await tableRows[i].findElements(By.css('td'));\n      const date = await tableCells[0].getText();\n      const status = await tableCells[1].getText();\n      const price = await tableCells[2].getText();\n      console.log(`- ${date} - ${status} - ${price}`);\n    }",
              "err": {},
              "uuid": "c264ecb5-1b05-485c-a1c3-39bc04d1a3d2",
              "parentUUID": null,
              "isHook": false,
              "skipped": false
            }
          ],
          "suites": [],
          "passes": [
            "c264ecb5-1b05-485c-a1c3-39bc04d1a3d2"
          ],
          "failures": [],
          "pending": [],
          "skipped": [],
          "duration": 103674,
          "root": false,
          "rootEmpty": false,
          "_timeout": null
        }
      ],
      "passes": [],
      "failures": [],
      "pending": [],
      "skipped": [],
      "duration": 0,
      "root": true,
      "rootEmpty": true,
      "_timeout": 0
    }
  ],
  "meta": {
    "mocha": {
      "version": "10.2.0"
    },
    "mochawesome": {
      "options": {
        "quiet": false,
        "reportFilename": "mochawesome",
        "saveHtml": true,
        "saveJson": true,
        "consoleReporter": "spec",
        "useInlineDiffs": false,
        "code": true
      },
      "version": "7.1.3"
    },
    "marge": {
      "options": {
        "reportDir": "testReports",
        "": true
      },
      "version": "6.2.0"
    }
  }
}