{
  "stats": {
    "suites": 1,
    "tests": 3,
    "passes": 2,
    "pending": 0,
    "failures": 1,
    "start": "2023-03-20T08:40:10.262Z",
    "end": "2023-03-20T08:40:36.963Z",
    "duration": 26701,
    "testsRegistered": 3,
    "passPercent": 66.66666666666666,
    "pendingPercent": 0,
    "other": 0,
    "hasOther": false,
    "skipped": 0,
    "hasSkipped": false
  },
  "results": [
    {
      "uuid": "70345e86-495c-48fd-a7cf-f08a864dab52",
      "title": "",
      "fullFile": "C:\\Users\\USER\\Desktop\\Test_Script_for_WM_Service_Marjetplace\\TestSuite4\\TestScript1.js",
      "file": "\\TestSuite4\\TestScript1.js",
      "beforeHooks": [],
      "afterHooks": [],
      "tests": [],
      "suites": [
        {
          "uuid": "a67f0285-95de-437a-baf4-c33fce9ca1cc",
          "title": "",
          "fullFile": "C:\\Users\\USER\\Desktop\\Test_Script_for_WM_Service_Marjetplace\\TestSuite4\\TestScript1.js",
          "file": "\\TestSuite4\\TestScript1.js",
          "beforeHooks": [
            {
              "title": "\"before all\" hook in \"\"",
              "fullTitle": " \"before all\" hook in \"\"",
              "timedOut": null,
              "duration": 2151,
              "state": null,
              "speed": null,
              "pass": false,
              "fail": false,
              "pending": null,
              "context": null,
              "code": "driver = await new Builder().forBrowser(\"chrome\").build();\nawait driver.manage().window().maximize();\n// await driver.manage().setTimeouts({ implicit: 5000 });",
              "err": {},
              "uuid": "32483fa9-89a3-4b28-815e-966fc6c3f630",
              "parentUUID": null,
              "isHook": true,
              "skipped": false
            }
          ],
          "afterHooks": [],
          "tests": [
            {
              "title": "Verify that you can visit the Book a Service Page and that there is at least one service displaying on the page",
              "fullTitle": " Verify that you can visit the Book a Service Page and that there is at least one service displaying on the page",
              "timedOut": null,
              "duration": 23450,
              "state": "failed",
              "speed": null,
              "pass": false,
              "fail": true,
              "pending": false,
              "context": null,
              "code": "//Sign in\nawait driver.get(\"https://wmservicemp.thewealthmarket.com/#/authentication/signin\");\n// await driver.findElement(By.xpath(\"/html/body/app-root/div[1]/div/app-header/header/nav/ul/li/a\")).click();\nawait driver.findElement(By.xpath(\"/html/body/app-root/div[1]/app-authentication/app-signin/div/div/div/div/form/div[1]/div/div[1]/div/input\")).sendKeys(\"admin@thewealthmarket.com\");\nawait driver.findElement(By.xpath(\"/html/body/app-root/div[1]/app-authentication/app-signin/div/div/div/div/form/div[1]/div/div[2]/div/input\")).sendKeys(\"admin\", Key.RETURN);\n// await driver.findElement(By.xpath(\"/html/body/app-root/div[1]/app-authentication/app-signin/div/div/div/div/form/div[2]/button\")).click();\nawait driver.wait(until.urlIs(\"https://wmservicemp.thewealthmarket.com/#/index\"), 5000)\nconst bookAService = await driver.findElement(By.xpath('/html/body/app-root/div[1]/div/app-header/header/nav/div[2]/ul/li[4]/a'));\nawait bookAService.click();\n\n// await driver.findElement(By.xpath(\"/html/body/app-root/div[1]/app-authentication/app-signin/div/div/div/div/form/div[2]/button\")).click();\n// await driver.manage().setTimeouts({ implicit: 5000 });\n// let bookAService = await driver.wait(until.elementLocated(By.id(\"cdk-overlay-0\")), 9000).click();\n// // console.log(bookAService);\n// await driver.findElement(By.css('<a _ngcontent-sqy-c70=\"\" href=\"# / customers / find - a - job\">Find A Job</a>')).click();\n\n\n// await driver.get(\"https://wmservicemp.thewealthmarket.com/#/services/listings\");\n// await driver.findElement(By.xpath(\"/html/body/app-root/div[1]/app-listings/div[2]/div/div/div[2]/div[2]/div/div[2]/div/div[2]/h3/a\")).click();\n\n// await driver.wait(until.urlIs(\"https://wmservicemp.thewealthmarket.com/#/services/listings\"), 5000, \"Should load the Book a service page\")",
              "err": {
                "message": "ElementClickInterceptedError: element click intercepted: Element <a _ngcontent-emm-c70=\"\" href=\"#/customers/find-a-job\">...</a> is not clickable at point (1132, 42). Other element would receive the click: <div id=\"cdk-overlay-0\" class=\"cdk-overlay-pane\" style=\"pointer-events: auto; position: static; margin-top: 0px; margin-right: 0px;\">...</div>\n  (Session info: chrome=111.0.5563.65)",
                "estack": "ElementClickInterceptedError: element click intercepted: Element <a _ngcontent-emm-c70=\"\" href=\"#/customers/find-a-job\">...</a> is not clickable at point (1132, 42). Other element would receive the click: <div id=\"cdk-overlay-0\" class=\"cdk-overlay-pane\" style=\"pointer-events: auto; position: static; margin-top: 0px; margin-right: 0px;\">...</div>\n  (Session info: chrome=111.0.5563.65)\n    at Object.throwDecodedError (node_modules\\selenium-webdriver\\lib\\error.js:524:15)\n    at parseHttpResponse (node_modules\\selenium-webdriver\\lib\\http.js:587:13)\n    at Executor.execute (node_modules\\selenium-webdriver\\lib\\http.js:515:28)\n    at processTicksAndRejections (internal/process/task_queues.js:95:5)\n    at async Driver.execute (node_modules\\selenium-webdriver\\lib\\webdriver.js:745:17)\n    at async Context.<anonymous> (TestSuite4\\TestScript1.js:32:9)",
                "diff": null
              },
              "uuid": "c822db13-1943-4dfc-b7fa-475aa5aa9761",
              "parentUUID": null,
              "isHook": false,
              "skipped": false
            },
            {
              "title": "",
              "fullTitle": " ",
              "timedOut": null,
              "duration": 0,
              "state": "passed",
              "speed": "fast",
              "pass": true,
              "fail": false,
              "pending": false,
              "context": null,
              "code": "",
              "err": {},
              "uuid": "c9f267af-d5fa-43cb-8d1e-92af9556046f",
              "parentUUID": null,
              "isHook": false,
              "skipped": false
            },
            {
              "title": "",
              "fullTitle": " ",
              "timedOut": null,
              "duration": 0,
              "state": "passed",
              "speed": "fast",
              "pass": true,
              "fail": false,
              "pending": false,
              "context": null,
              "code": "",
              "err": {},
              "uuid": "6a43a05a-c3b8-44e1-89cc-09c537db1fb5",
              "parentUUID": null,
              "isHook": false,
              "skipped": false
            }
          ],
          "suites": [],
          "passes": [
            "c9f267af-d5fa-43cb-8d1e-92af9556046f",
            "6a43a05a-c3b8-44e1-89cc-09c537db1fb5"
          ],
          "failures": [
            "c822db13-1943-4dfc-b7fa-475aa5aa9761"
          ],
          "pending": [],
          "skipped": [],
          "duration": 23450,
          "root": false,
          "rootEmpty": false,
          "_timeout": null
        }
      ],
      "passes": [],
      "failures": [],
      "pending": [],
      "skipped": [],
      "duration": 0,
      "root": true,
      "rootEmpty": true,
      "_timeout": 0
    }
  ],
  "meta": {
    "mocha": {
      "version": "10.2.0"
    },
    "mochawesome": {
      "options": {
        "quiet": false,
        "reportFilename": "mochawesome",
        "saveHtml": true,
        "saveJson": true,
        "consoleReporter": "spec",
        "useInlineDiffs": false,
        "code": true
      },
      "version": "7.1.3"
    },
    "marge": {
      "options": {
        "reportDir": "testReports",
        "": true
      },
      "version": "6.2.0"
    }
  }
}